<?xml version="1.0" encoding="UTF-8"?>
<!-- Generated by org.testng.reporters.JUnitReportReporter -->
<testsuite hostname="DESKTOP-5D6FQ8B" failures="0" tests="1" name="com.testcases.WriteExcelTest" time="0.965" errors="0" timestamp="2022-09-14T10:44:33 IST" skipped="0">
  <testcase classname="com.testcases.WriteExcelTest" name="Writetest" time="0.965"/>
  <system-out/>
</testsuite> <!-- com.testcases.WriteExcelTest -->
