<?xml version="1.0" encoding="UTF-8"?>
<!-- Generated by org.testng.reporters.JUnitReportReporter -->
<testsuite hostname="DESKTOP-5D6FQ8B" failures="0" tests="1" name="com.testcases.TestCases" time="7.682" errors="0" timestamp="2022-09-14T09:29:24 IST" skipped="0">
  <testcase classname="com.testcases.TestCases" name="TestExcel" time="7.682"/>
  <system-out/>
</testsuite> <!-- com.testcases.TestCases -->
