<?xml version="1.0" encoding="UTF-8"?>
<!-- Generated by org.testng.reporters.JUnitReportReporter -->
<testsuite hostname="DESKTOP-5D6FQ8B" failures="0" tests="1" name="readExcel.ReadExcel" time="0.713" errors="0" timestamp="2022-09-14T09:35:13 IST" skipped="0">
  <testcase classname="readExcel.ReadExcel" name="readExcel" time="0.713"/>
  <system-out/>
</testsuite> <!-- readExcel.ReadExcel -->
